<?xml version="1.0" encoding="UTF-8"?>
<!-- Generated by org.testng.reporters.JUnitReportReporter -->
<testsuite hostname="oignatyev" name="my.company.SearchTest" tests="1" failures="0" timestamp="10 May 2016 13:26:45 GMT" time="2.866" errors="0">
  <testcase name="searchYandexTest" time="2.866" classname="my.company.SearchTest"/>
</testsuite> <!-- my.company.SearchTest -->
